<?xml version='1.0' encoding='UTF-8'?>
<testsuite hostname="knoldus-Vostro-3559" name="com.knoldus.PasswordTest" tests="8" errors="0" failures="0" skipped="0" time="0.047" timestamp="2021-01-31T16:46:35">
                     <properties>
[...]
</properties>
                     <testcase classname="com.knoldus.PasswordTest" name="password should valid if the password is 8-15 length, atleast one digit, uppercase, lowercase and special symbol with no space" time="0.034">
                                                 
                                               </testcase><testcase classname="com.knoldus.PasswordTest" name="password should not be valid if we have space/tabs" time="0.004">
                                                 
                                               </testcase><testcase classname="com.knoldus.PasswordTest" name="password should not be valid if we do not have atleast one digit" time="0.001">
                                                 
                                               </testcase><testcase classname="com.knoldus.PasswordTest" name="password should not be valid if length is less than 8" time="0.001">
                                                 
                                               </testcase><testcase classname="com.knoldus.PasswordTest" name="password should not be valid if length is greater than 15" time="0.003">
                                                 
                                               </testcase><testcase classname="com.knoldus.PasswordTest" name="password should not be valid if we do not have atleast one uppercase" time="0.002">
                                                 
                                               </testcase><testcase classname="com.knoldus.PasswordTest" name="password should not be valid if we do not have atleast one lowercase" time="0.001">
                                                 
                                               </testcase><testcase classname="com.knoldus.PasswordTest" name="password should not be valid if we do not have atleast one special symbol" time="0.001">
                                                 
                                               </testcase>
                     <system-out><![CDATA[]]></system-out>
                     <system-err><![CDATA[]]></system-err>
                   </testsuite>